<html>
<head>
<title>TestNG:  Default test</title>
<link href="../testng.css" rel="stylesheet" type="text/css" />
<link href="../my-testng.css" rel="stylesheet" type="text/css" />

<style type="text/css">
.log { display: none;} 
.stack-trace { display: none;} 
</style>
<script type="text/javascript">
<!--
function flip(e) {
  current = e.style.display;
  if (current == 'block') {
    e.style.display = 'none';
    return 0;
  }
  else {
    e.style.display = 'block';
    return 1;
  }
}

function toggleBox(szDivId, elem, msg1, msg2)
{
  var res = -1;  if (document.getElementById) {
    res = flip(document.getElementById(szDivId));
  }
  else if (document.all) {
    // this is the way old msie versions work
    res = flip(document.all[szDivId]);
  }
  if(elem) {
    if(res == 0) elem.innerHTML = msg1; else elem.innerHTML = msg2;
  }

}

function toggleAllBoxes() {
  if (document.getElementsByTagName) {
    d = document.getElementsByTagName('div');
    for (i = 0; i < d.length; i++) {
      if (d[i].className == 'log') {
        flip(d[i]);
      }
    }
  }
}

// -->
</script>

</head>
<body>
<h2 align='center'>Default test</h2><table border='1' align="center">
<tr>
<td>Tests passed/Failed/Skipped:</td><td>0/0/0</td>
</tr><tr>
<td>Started on:</td><td>Tue Jul 18 09:05:11 EDT 2023</td>
</tr>
<tr><td>Total time:</td><td>2 seconds (2013 ms)</td>
</tr><tr>
<td>Included groups:</td><td></td>
</tr><tr>
<td>Excluded groups:</td><td></td>
</tr>
</table><p/>
<small><i>(Hover the method name to see the test class name)</i></small><p/>
<table width='100%' border='1' class='invocation-failed'>
<tr><td colspan='4' align='center'><b>FAILED CONFIGURATIONS</b></td></tr>
<tr><td><b>Test method</b></td>
<td><b>Attribute(s)</b></td>
<td width="30%"><b>Exception</b></td>
<td width="10%"><b>Time (seconds)</b></td>
<td><b>Instance</b></td>
</tr>
<tr>
<td title='dsAlgo_TestRunner.TestRunner.browserType()'><b>browserType</b><br>Test class: dsAlgo_TestRunner.TestRunner</td>
<td><div><pre>org.testng.TestNGException: 
Parameter &apos;browser&apos; is required by BeforeTest on method browserType but has not been marked @Optional or defined
in C:\Users\Viru\AppData\Local\Temp\testng-eclipse--624666066\testng-customsuite.xml
	at org.testng.internal.Parameters.createParams(Parameters.java:267)
	at org.testng.internal.Parameters.createParametersForMethod(Parameters.java:355)
	at org.testng.internal.Parameters.createParameters(Parameters.java:684)
	at org.testng.internal.Parameters.createConfigurationParameters(Parameters.java:166)
	at org.testng.internal.invokers.ConfigInvoker.invokeConfigurations(ConfigInvoker.java:306)
	at org.testng.TestRunner.invokeTestConfigurations(TestRunner.java:663)
	at org.testng.TestRunner.beforeRun(TestRunner.java:652)
	at org.testng.TestRunner.run(TestRunner.java:614)
	at org.testng.SuiteRunner.runTest(SuiteRunner.java:443)
	at org.testng.SuiteRunner.runSequentially(SuiteRunner.java:437)
	at org.testng.SuiteRunner.privateRun(SuiteRunner.java:397)
	at org.testng.SuiteRunner.run(SuiteRunner.java:336)
	at org.testng.SuiteRunnerWorker.runSuite(SuiteRunnerWorker.java:52)
	at org.testng.SuiteRunnerWorker.run(SuiteRunnerWorker.java:95)
	at org.testng.TestNG.runSuitesSequentially(TestNG.java:1280)
	at org.testng.TestNG.runSuitesLocally(TestNG.java:1200)
	at org.testng.TestNG.runSuites(TestNG.java:1114)
	at org.testng.TestNG.run(TestNG.java:1082)
	at org.testng.remote.AbstractRemoteTestNG.run(AbstractRemoteTestNG.java:115)
	at org.testng.remote.RemoteTestNG.initAndRun(RemoteTestNG.java:251)
	at org.testng.remote.RemoteTestNG.main(RemoteTestNG.java:77)
</pre></div><a href='#' onClick='toggleBox("stack-trace1098986569", this, "Click to show all stack frames", "Click to hide stack frames")'>Click to show all stack frames</a>
<div class='stack-trace' id='stack-trace1098986569'><pre>org.testng.TestNGException: 
Parameter &apos;browser&apos; is required by BeforeTest on method browserType but has not been marked @Optional or defined
in C:\Users\Viru\AppData\Local\Temp\testng-eclipse--624666066\testng-customsuite.xml
	at org.testng.internal.Parameters.createParams(Parameters.java:267)
	at org.testng.internal.Parameters.createParametersForMethod(Parameters.java:355)
	at org.testng.internal.Parameters.createParameters(Parameters.java:684)
	at org.testng.internal.Parameters.createConfigurationParameters(Parameters.java:166)
	at org.testng.internal.invokers.ConfigInvoker.invokeConfigurations(ConfigInvoker.java:306)
	at org.testng.TestRunner.invokeTestConfigurations(TestRunner.java:663)
	at org.testng.TestRunner.beforeRun(TestRunner.java:652)
	at org.testng.TestRunner.run(TestRunner.java:614)
	at org.testng.SuiteRunner.runTest(SuiteRunner.java:443)
	at org.testng.SuiteRunner.runSequentially(SuiteRunner.java:437)
	at org.testng.SuiteRunner.privateRun(SuiteRunner.java:397)
	at org.testng.SuiteRunner.run(SuiteRunner.java:336)
	at org.testng.SuiteRunnerWorker.runSuite(SuiteRunnerWorker.java:52)
	at org.testng.SuiteRunnerWorker.run(SuiteRunnerWorker.java:95)
	at org.testng.TestNG.runSuitesSequentially(TestNG.java:1280)
	at org.testng.TestNG.runSuitesLocally(TestNG.java:1200)
	at org.testng.TestNG.runSuites(TestNG.java:1114)
	at org.testng.TestNG.run(TestNG.java:1082)
	at org.testng.remote.AbstractRemoteTestNG.run(AbstractRemoteTestNG.java:115)
	at org.testng.remote.RemoteTestNG.initAndRun(RemoteTestNG.java:251)
	at org.testng.remote.RemoteTestNG.main(RemoteTestNG.java:77)
</pre></div></td>
<td>-1689685511</td>
<td>dsAlgo_TestRunner.TestRunner@17aad511</td></tr>
<tr>
<td title='dsAlgo_TestRunner.TestRunner.setUpClass()'><b>setUpClass</b><br>Test class: dsAlgo_TestRunner.TestRunner<br>Parameters: org.testng.TestRunner@79d82f66</td>
<td><div><pre>java.lang.NullPointerException: Cannot invoke &quot;String.equals(Object)&quot; because &quot;browser&quot; is null
	at dsAlgo_Driverfactory.DriverFactory.init_driver(DriverFactory.java:23)
	at hooks.Hooks.getProperty(Hooks.java:41)
	Suppressed: java.lang.IllegalArgumentException: Input must be set
		at org.openqa.selenium.internal.Require.nonNull(Require.java:59)
		at org.openqa.selenium.support.ui.FluentWait.&lt;init&gt;(FluentWait.java:97)
		at org.openqa.selenium.support.ui.WebDriverWait.&lt;init&gt;(WebDriverWait.java:77)
		at org.openqa.selenium.support.ui.WebDriverWait.&lt;init&gt;(WebDriverWait.java:46)
		at dsAlgo_Utilities.PageUtils.explicit_wait(PageUtils.java:37)
		at dsAlgo_PageObject.BHomePage.click_Btn(BHomePage.java:51)
		at hooks.Hooks.getStart(Hooks.java:49)
</pre></div><a href='#' onClick='toggleBox("stack-trace105966264", this, "Click to show all stack frames", "Click to hide stack frames")'>Click to show all stack frames</a>
<div class='stack-trace' id='stack-trace105966264'><pre>java.lang.NullPointerException: Cannot invoke &quot;String.equals(Object)&quot; because &quot;browser&quot; is null
	at dsAlgo_Driverfactory.DriverFactory.init_driver(DriverFactory.java:23)
	at hooks.Hooks.getProperty(Hooks.java:41)
	Suppressed: java.lang.IllegalArgumentException: Input must be set
		at org.openqa.selenium.internal.Require.nonNull(Require.java:59)
		at org.openqa.selenium.support.ui.FluentWait.&lt;init&gt;(FluentWait.java:97)
		at org.openqa.selenium.support.ui.WebDriverWait.&lt;init&gt;(WebDriverWait.java:77)
		at org.openqa.selenium.support.ui.WebDriverWait.&lt;init&gt;(WebDriverWait.java:46)
		at dsAlgo_Utilities.PageUtils.explicit_wait(PageUtils.java:37)
		at dsAlgo_PageObject.BHomePage.click_Btn(BHomePage.java:51)
		at hooks.Hooks.getStart(Hooks.java:49)
</pre></div></td>
<td>1</td>
<td>dsAlgo_TestRunner.TestRunner@17aad511</td></tr>
</table><p>
</body>
</html>